<component name="libraryTable">
  <library name="Junit">
    <CLASSES>
      <root url="jar://$APPLICATION_HOME_DIR$/lib/hamcrest-core-1.3.jar!/" />
      <root url="jar://$APPLICATION_HOME_DIR$/lib/junit-4.12.jar!/" />
      <root url="jar://$APPLICATION_HOME_DIR$/lib/junit.jar!/" />
      <root url="jar://$APPLICATION_HOME_DIR$/plugins/testng/lib/testng.jar!/" />
    </CLASSES>
    <JAVADOC />
    <SOURCES />
  </library>
</component>